2025-07-22 17:31:02,120 [INFO] src.main_workflow: Initializing Conway Bikes workflow orchestrator
2025-07-22 17:31:02,121 [INFO] utils.csv_processor: Loading bike references from: Información_EAN_Conway_2025.xlsx - Stammdaten Conway.csv
2025-07-22 17:31:02,169 [INFO] utils.csv_processor: Loaded 8954 bike references from CSV
2025-07-22 17:31:02,169 [INFO] holded.api_client: Holded API client initialized
2025-07-22 17:31:02,169 [INFO] utils.processed_orders: Processed orders tracker initialized with 1 existing records
2025-07-22 17:31:02,169 [INFO] notifications.email_sender: Email sender initialized
2025-07-22 17:31:02,170 [INFO] src.main_workflow: All workflow components initialized successfully
2025-07-22 17:31:02,189 [INFO] src.main_workflow: Starting Conway bike order check at 2025-07-22 17:31:02 CEST
2025-07-22 17:31:02,189 [INFO] src.main_workflow: Step 1: Loading bike references from CSV
2025-07-22 17:31:02,189 [INFO] src.main_workflow: Loaded 8954 bike references
2025-07-22 17:31:02,189 [INFO] src.main_workflow: Step 2: Retrieving sales orders from Holded API (last 24 hours)
2025-07-22 17:31:02,189 [INFO] holded.api_client: Fetching sales orders from 2025-07-21 09:00:00+02:00 to 2025-07-22 17:31:02.189471+02:00
2025-07-22 17:31:02,336 [INFO] holded.api_client: Retrieved 1 salesorder documents from Holded API
2025-07-22 17:31:02,336 [INFO] src.main_workflow: Retrieved 1 sales orders from Holded API
2025-07-22 17:31:02,336 [INFO] src.main_workflow: Step 2.5: Filtering out already processed orders
2025-07-22 17:31:02,336 [INFO] utils.processed_orders: Filtered out 1 already processed orders, 0 new orders remain
2025-07-22 17:31:02,336 [INFO] src.main_workflow: Filtered out 1 already processed orders, 0 new orders to check
2025-07-22 17:31:02,336 [INFO] src.main_workflow: All orders have already been processed. Skipping further processing.
2025-07-22 17:31:57,767 [INFO] src.main_workflow: Initializing Conway Bikes workflow orchestrator
2025-07-22 17:31:57,768 [INFO] utils.csv_processor: Loading bike references from: Información_EAN_Conway_2025.xlsx - Stammdaten Conway.csv
2025-07-22 17:31:57,815 [INFO] utils.csv_processor: Loaded 8954 bike references from CSV
2025-07-22 17:31:57,815 [INFO] holded.api_client: Holded API client initialized
2025-07-22 17:31:57,815 [INFO] utils.processed_orders: Processed orders tracker initialized with 1 existing records
2025-07-22 17:31:57,815 [INFO] notifications.email_sender: Email sender initialized
2025-07-22 17:31:57,815 [INFO] src.main_workflow: All workflow components initialized successfully
2025-07-22 17:31:57,826 [INFO] src.main_workflow: Starting Conway bike order check at 2025-07-22 17:31:57 CEST
2025-07-22 17:31:57,826 [INFO] src.main_workflow: Step 1: Loading bike references from CSV
2025-07-22 17:31:57,826 [INFO] src.main_workflow: Loaded 8954 bike references
2025-07-22 17:31:57,826 [INFO] src.main_workflow: Step 2: Retrieving sales orders from Holded API (last 24 hours)
2025-07-22 17:31:57,826 [INFO] holded.api_client: Fetching sales orders from 2025-07-21 09:00:00+02:00 to 2025-07-22 17:31:57.825945+02:00
2025-07-22 17:31:57,947 [INFO] holded.api_client: Retrieved 1 salesorder documents from Holded API
2025-07-22 17:31:57,947 [INFO] src.main_workflow: Retrieved 1 sales orders from Holded API
2025-07-22 17:31:57,947 [INFO] src.main_workflow: Step 2.5: Filtering out already processed orders
2025-07-22 17:31:57,947 [INFO] utils.processed_orders: Filtered out 1 already processed orders, 0 new orders remain
2025-07-22 17:31:57,947 [INFO] src.main_workflow: Filtered out 1 already processed orders, 0 new orders to check
2025-07-22 17:31:57,947 [INFO] src.main_workflow: All orders have already been processed. Skipping further processing.
2025-07-22 17:32:28,147 [INFO] src.main_workflow: Initializing Conway Bikes workflow orchestrator
2025-07-22 17:32:28,147 [INFO] utils.csv_processor: Loading bike references from: Información_EAN_Conway_2025.xlsx - Stammdaten Conway.csv
2025-07-22 17:32:28,193 [INFO] utils.csv_processor: Loaded 8954 bike references from CSV
2025-07-22 17:32:28,193 [INFO] holded.api_client: Holded API client initialized
2025-07-22 17:32:28,193 [INFO] utils.processed_orders: Processed orders tracker initialized with 1 existing records
2025-07-22 17:32:28,193 [INFO] notifications.email_sender: Email sender initialized
2025-07-22 17:32:28,193 [INFO] src.main_workflow: All workflow components initialized successfully
2025-07-22 17:32:28,202 [INFO] src.utils.processed_orders: Processed orders tracker initialized with 1 existing records
